[INFO ] 2021-11-01 21:50:59.666 [] TestexcelApplication - Starting TestexcelApplication using Java 1.8.0_302 on HungBeo with PID 10176 (D:\java code\testexcel\target\classes started by Admin in D:\java code\testexcel)
[INFO ] 2021-11-01 21:50:59.671 [] TestexcelApplication - No active profile set, falling back to default profiles: default
[INFO ] 2021-11-01 21:51:01.638 [] TestexcelApplication - Started TestexcelApplication in 2.198 seconds (JVM running for 3.016)
[INFO ] 2021-11-01 21:51:23.710 [8c88ef74-7893-41a2-ad01-57cb3ff994d6] SendDataToServer - Token of request 8c88ef74-7893-41a2-ad01-57cb3ff994d6
[INFO ] 2021-11-01 21:51:23.710 [8c88ef74-7893-41a2-ad01-57cb3ff994d6] SendDataToServer - Begin call api
[INFO ] 2021-11-01 21:51:23.909 [] SendDataToServer - Begin to server: Message(id=null, messageId=bf1363e8-1486-4fe4-ad3b-d18ca7279326, keyword=PHONGVU , sender=Phongvu.vn, destination=o84932916468, shortMessage=test dich vu, encryptMessage=, isEncrypt=0, type=0, requestTime=0, partnerCode=950003, sercretKey=5c6b322e-5d49-4ac3-9fab-1f2d9f3322d1) and url: https://smsgw.vnpaytest.vn/smsgw/sendSms
[INFO ] 2021-11-01 21:51:24.349 [] SendDataToServer - Begin to server: Message(id=null, messageId=cbf2e1b6-af23-4b98-a24c-ddc0d82a6936, keyword=PHONGVU 2, sender=Phongvu2.vn, destination=o84932916468, shortMessage=test dich vu, encryptMessage=, isEncrypt=0, type=0, requestTime=0, partnerCode=950003, sercretKey=5c6b322e-5d49-4ac3-9fab-1f2d9f3322d1) and url: https://smsgw.vnpaytest.vn/smsgw/sendSms
[INFO ] 2021-11-01 21:51:24.376 [8c88ef74-7893-41a2-ad01-57cb3ff994d6] ServiceMessage - Response [MessageResponse{messageId='bf1363e8-1486-4fe4-ad3b-d18ca7279326', status='86', description='INVALID_KEYWORD', isMnp='0'}, MessageResponse{messageId='cbf2e1b6-af23-4b98-a24c-ddc0d82a6936', status='86', description='INVALID_KEYWORD', isMnp='0'}]
[INFO ] 2021-11-01 21:51:24.376 [8c88ef74-7893-41a2-ad01-57cb3ff994d6] SendDataToServer - End call api
[INFO ] 2021-11-02 11:19:34.759 [] TestexcelApplication - Starting TestexcelApplication using Java 1.8.0_312 on hungnd1 with PID 3736 (D:\java_code\excel\target\classes started by hungnd1 in D:\java_code\excel)
[INFO ] 2021-11-02 11:19:34.765 [] TestexcelApplication - No active profile set, falling back to default profiles: default
[INFO ] 2021-11-02 11:19:37.030 [] TestexcelApplication - Started TestexcelApplication in 2.6 seconds (JVM running for 4.032)
[INFO ] 2021-11-02 11:20:18.553 [] TestexcelApplication - Starting TestexcelApplication using Java 1.8.0_312 on hungnd1 with PID 10928 (D:\java_code\excel\target\classes started by hungnd1 in D:\java_code\excel)
[INFO ] 2021-11-02 11:20:18.558 [] TestexcelApplication - No active profile set, falling back to default profiles: default
[INFO ] 2021-11-02 11:20:20.451 [] TestexcelApplication - Started TestexcelApplication in 2.135 seconds (JVM running for 2.791)
[INFO ] 2021-11-02 11:20:34.489 [282da6f2-e83d-498e-ba5c-4a1bdb61e8ce] SendDataToServer - Token of request 282da6f2-e83d-498e-ba5c-4a1bdb61e8ce
[INFO ] 2021-11-02 11:20:34.489 [282da6f2-e83d-498e-ba5c-4a1bdb61e8ce] SendDataToServer - Begin call api
[INFO ] 2021-11-02 11:20:34.847 [] SendDataToServer - Begin to server: Message(id=null, messageId=4c67e0f4-91b8-456e-a086-f002c107c13a, keyword=PHONGVU , sender=Phongvu.vn, destination=o84932916468, shortMessage=test dich vu, encryptMessage=, isEncrypt=0, type=0, requestTime=0, partnerCode=950003, sercretKey=5c6b322e-5d49-4ac3-9fab-1f2d9f3322d1) and url: https://smsgw.vnpaytest.vn/smsgw/sendSms
[INFO ] 2021-11-02 11:20:35.506 [] SendDataToServer - Begin to server: Message(id=null, messageId=9d73a691-8a09-437a-b3b2-8a47a90a7779, keyword=PHONGVU 2, sender=Phongvu2.vn, destination=o84932916468, shortMessage=test dich vu, encryptMessage=, isEncrypt=0, type=0, requestTime=0, partnerCode=950003, sercretKey=5c6b322e-5d49-4ac3-9fab-1f2d9f3322d1) and url: https://smsgw.vnpaytest.vn/smsgw/sendSms
[INFO ] 2021-11-02 11:20:35.524 [282da6f2-e83d-498e-ba5c-4a1bdb61e8ce] ServiceMessage - Response [MessageResponse{messageId='4c67e0f4-91b8-456e-a086-f002c107c13a', status='86', description='INVALID_KEYWORD', isMnp='0'}, MessageResponse{messageId='9d73a691-8a09-437a-b3b2-8a47a90a7779', status='86', description='INVALID_KEYWORD', isMnp='0'}]
[INFO ] 2021-11-02 11:20:35.524 [282da6f2-e83d-498e-ba5c-4a1bdb61e8ce] SendDataToServer - End call api
[INFO ] 2021-11-02 11:48:22.997 [] TestexcelApplication - Starting TestexcelApplication using Java 1.8.0_312 on hungnd1 with PID 14788 (D:\java_code\excel\target\classes started by hungnd1 in D:\java_code\excel)
[INFO ] 2021-11-02 11:48:23.003 [] TestexcelApplication - No active profile set, falling back to default profiles: default
[INFO ] 2021-11-02 11:48:25.248 [] TestexcelApplication - Started TestexcelApplication in 2.493 seconds (JVM running for 3.245)
[INFO ] 2021-11-02 11:48:29.599 [c31ab3f6-2e01-4188-9638-50acd83cf4ba] SendDataToServer - Token of request c31ab3f6-2e01-4188-9638-50acd83cf4ba
[INFO ] 2021-11-02 11:48:29.599 [c31ab3f6-2e01-4188-9638-50acd83cf4ba] SendDataToServer - Begin call api
[INFO ] 2021-11-02 11:50:16.413 [] TestexcelApplication - Starting TestexcelApplication using Java 1.8.0_312 on hungnd1 with PID 5772 (D:\java_code\excel\target\classes started by hungnd1 in D:\java_code\excel)
[INFO ] 2021-11-02 11:50:16.419 [] TestexcelApplication - No active profile set, falling back to default profiles: default
[INFO ] 2021-11-02 11:50:18.446 [] TestexcelApplication - Started TestexcelApplication in 2.266 seconds (JVM running for 3.083)
[INFO ] 2021-11-02 11:50:19.665 [eb9c571c-e29e-447a-b3ef-c51685d508ed] SendDataToServer - Token of request eb9c571c-e29e-447a-b3ef-c51685d508ed
[INFO ] 2021-11-02 11:50:19.666 [eb9c571c-e29e-447a-b3ef-c51685d508ed] SendDataToServer - Begin call api
[INFO ] 2021-11-02 11:52:21.957 [] TestexcelApplication - Starting TestexcelApplication using Java 1.8.0_312 on hungnd1 with PID 16512 (D:\java_code\excel\target\classes started by hungnd1 in D:\java_code\excel)
[INFO ] 2021-11-02 11:52:21.962 [] TestexcelApplication - No active profile set, falling back to default profiles: default
[INFO ] 2021-11-02 11:52:23.864 [] TestexcelApplication - Started TestexcelApplication in 2.131 seconds (JVM running for 2.86)
[INFO ] 2021-11-02 11:52:28.265 [fd3cfdaf-e7d6-4c15-b189-332a9c6f2a7f] SendDataToServer - Token of request fd3cfdaf-e7d6-4c15-b189-332a9c6f2a7f
[INFO ] 2021-11-02 11:52:28.266 [fd3cfdaf-e7d6-4c15-b189-332a9c6f2a7f] SendDataToServer - Begin call api
[INFO ] 2021-11-02 11:53:51.819 [] TestexcelApplication - Starting TestexcelApplication using Java 1.8.0_312 on hungnd1 with PID 12456 (D:\java_code\excel\target\classes started by hungnd1 in D:\java_code\excel)
[INFO ] 2021-11-02 11:53:51.825 [] TestexcelApplication - No active profile set, falling back to default profiles: default
[INFO ] 2021-11-02 11:53:53.894 [] TestexcelApplication - Started TestexcelApplication in 2.34 seconds (JVM running for 3.126)
[INFO ] 2021-11-02 11:53:56.883 [205830b6-55d6-40cb-946e-b3d9a2b6981f] SendDataToServer - Token of request 205830b6-55d6-40cb-946e-b3d9a2b6981f
[INFO ] 2021-11-02 11:53:56.883 [205830b6-55d6-40cb-946e-b3d9a2b6981f] SendDataToServer - Begin call api
[INFO ] 2021-11-02 11:55:08.425 [] TestexcelApplication - Starting TestexcelApplication using Java 1.8.0_312 on hungnd1 with PID 8448 (D:\java_code\excel\target\classes started by hungnd1 in D:\java_code\excel)
[INFO ] 2021-11-02 11:55:08.434 [] TestexcelApplication - No active profile set, falling back to default profiles: default
[INFO ] 2021-11-02 11:55:10.372 [] TestexcelApplication - Started TestexcelApplication in 2.24 seconds (JVM running for 3.003)
[INFO ] 2021-11-02 11:55:13.488 [0f094b06-f2cf-48c3-8464-294d5ccf52b4] SendDataToServer - Token of request 0f094b06-f2cf-48c3-8464-294d5ccf52b4
[INFO ] 2021-11-02 11:55:13.488 [0f094b06-f2cf-48c3-8464-294d5ccf52b4] SendDataToServer - Begin call api
[INFO ] 2021-11-02 11:55:13.870 [] SendDataToServer - Begin to server: Message(id=null, messageId=4ed95f6b-573d-495d-98d6-9bd4b85b7c24, keyword=PHONGVU , sender=Phongvu.vn, destination=o84932916468, shortMessage=test dich vu, encryptMessage=, isEncrypt=0, type=0, requestTime=0, partnerCode=950003, sercretKey=5c6b322e-5d49-4ac3-9fab-1f2d9f3322d1) and url: https://smsgw.vnpaytest.vn/smsgw/sendSms
[INFO ] 2021-11-02 11:55:14.581 [] SendDataToServer - Begin to server: Message(id=null, messageId=bd753499-5e4a-4819-9147-0e7612aabef3, keyword=PHONGVU 2, sender=Phongvu2.vn, destination=o84932916468, shortMessage=test dich vu, encryptMessage=, isEncrypt=0, type=0, requestTime=0, partnerCode=950003, sercretKey=5c6b322e-5d49-4ac3-9fab-1f2d9f3322d1) and url: https://smsgw.vnpaytest.vn/smsgw/sendSms
[INFO ] 2021-11-02 11:55:14.618 [0f094b06-f2cf-48c3-8464-294d5ccf52b4] ServiceMessage - Response [MessageResponse{messageId='4ed95f6b-573d-495d-98d6-9bd4b85b7c24', status='86', description='INVALID_KEYWORD', isMnp='0'}, MessageResponse{messageId='bd753499-5e4a-4819-9147-0e7612aabef3', status='86', description='INVALID_KEYWORD', isMnp='0'}]
[INFO ] 2021-11-02 11:55:14.618 [0f094b06-f2cf-48c3-8464-294d5ccf52b4] SendDataToServer - End call api
[INFO ] 2021-11-02 13:07:37.358 [] TestexcelApplication - Starting TestexcelApplication using Java 1.8.0_312 on hungnd1 with PID 13664 (D:\java_code\excel\target\classes started by hungnd1 in D:\java_code\excel)
[INFO ] 2021-11-02 13:07:37.363 [] TestexcelApplication - No active profile set, falling back to default profiles: default
[INFO ] 2021-11-02 13:07:39.384 [] TestexcelApplication - Started TestexcelApplication in 2.25 seconds (JVM running for 2.957)
[INFO ] 2021-11-02 13:07:42.811 [2986c027-11c4-471c-9cc7-ba87b56cefe1] SendDataToServer - Token of request 2986c027-11c4-471c-9cc7-ba87b56cefe1
[INFO ] 2021-11-02 13:07:42.811 [2986c027-11c4-471c-9cc7-ba87b56cefe1] SendDataToServer - Begin call api
[INFO ] 2021-11-02 13:07:43.101 [] SendDataToServer - Begin to server: Message(id=null, messageId=5610ea53-3817-47b5-a31f-2ad4d6a8fbda, keyword=PHONGVU , sender=Phongvu.vn, destination=o84932916468, shortMessage=test dich vu, encryptMessage=, isEncrypt=0, type=0, requestTime=0, partnerCode=950003, sercretKey=5c6b322e-5d49-4ac3-9fab-1f2d9f3322d1) and url: https://smsgw.vnpaytest.vn/smsgw/sendSms
[INFO ] 2021-11-02 13:07:43.798 [] SendDataToServer - Begin to server: Message(id=null, messageId=177e4c98-cbfe-4b50-9cf1-cd1aa68884f2, keyword=PHONGVU 2, sender=Phongvu2.vn, destination=o84932916468, shortMessage=test dich vu, encryptMessage=, isEncrypt=0, type=0, requestTime=0, partnerCode=950003, sercretKey=5c6b322e-5d49-4ac3-9fab-1f2d9f3322d1) and url: https://smsgw.vnpaytest.vn/smsgw/sendSms
[INFO ] 2021-11-02 13:07:43.945 [2986c027-11c4-471c-9cc7-ba87b56cefe1] ServiceMessage - Response [MessageResponse{messageId='5610ea53-3817-47b5-a31f-2ad4d6a8fbda', status='86', description='INVALID_KEYWORD', isMnp='0'}, MessageResponse{messageId='177e4c98-cbfe-4b50-9cf1-cd1aa68884f2', status='86', description='INVALID_KEYWORD', isMnp='0'}]
[INFO ] 2021-11-02 13:07:43.945 [2986c027-11c4-471c-9cc7-ba87b56cefe1] SendDataToServer - End call api
[INFO ] 2021-11-02 13:17:00.562 [] TestexcelApplication - Starting TestexcelApplication using Java 1.8.0_312 on hungnd1 with PID 1620 (D:\java_code\excel\target\classes started by hungnd1 in D:\java_code\excel)
[INFO ] 2021-11-02 13:17:00.568 [] TestexcelApplication - No active profile set, falling back to default profiles: default
[INFO ] 2021-11-02 13:17:02.586 [] TestexcelApplication - Started TestexcelApplication in 2.265 seconds (JVM running for 3.056)
[INFO ] 2021-11-02 13:17:06.093 [4c460b25-63fa-4885-a332-ac98eb0c1e42] SendDataToServer - Token of request 4c460b25-63fa-4885-a332-ac98eb0c1e42
[INFO ] 2021-11-02 13:17:06.093 [4c460b25-63fa-4885-a332-ac98eb0c1e42] SendDataToServer - Begin call api
[INFO ] 2021-11-02 13:17:06.407 [] SendDataToServer - Begin to server: Message(id=null, messageId=1976f161-b511-46ff-b8e8-be248de499f7, keyword=PHONGVU , sender=Phongvu.vn, destination=o84932916468, shortMessage=test dich vu, encryptMessage=, isEncrypt=0, type=0, requestTime=0, partnerCode=950003, sercretKey=5c6b322e-5d49-4ac3-9fab-1f2d9f3322d1) and url: https://smsgw.vnpaytest.vn/smsgw/sendSms
[INFO ] 2021-11-02 13:17:07.060 [] SendDataToServer - Begin to server: Message(id=null, messageId=890f6931-ea25-4dde-a8c3-358e68c8881b, keyword=PHONGVU 2, sender=Phongvu2.vn, destination=o84932916468, shortMessage=test dich vu, encryptMessage=, isEncrypt=0, type=0, requestTime=0, partnerCode=950003, sercretKey=5c6b322e-5d49-4ac3-9fab-1f2d9f3322d1) and url: https://smsgw.vnpaytest.vn/smsgw/sendSms
[INFO ] 2021-11-02 13:17:07.282 [4c460b25-63fa-4885-a332-ac98eb0c1e42] ServiceMessage - Response [MessageResponse{messageId='1976f161-b511-46ff-b8e8-be248de499f7', status='86', description='INVALID_KEYWORD', isMnp='0'}, MessageResponse{messageId='890f6931-ea25-4dde-a8c3-358e68c8881b', status='86', description='INVALID_KEYWORD', isMnp='0'}]
[INFO ] 2021-11-02 13:17:07.282 [4c460b25-63fa-4885-a332-ac98eb0c1e42] SendDataToServer - End call api
